[debug] [2022-03-09T14:59:58.549Z] ----------------------------------------------------------------------
[debug] [2022-03-09T14:59:58.552Z] Command:       C:\Program Files\nodejs\node.exe C:\Users\BALAGURU\AppData\Roaming\npm\node_modules\firebase-tools\lib\bin\firebase.js deploy --only hosting
[debug] [2022-03-09T14:59:58.552Z] CLI Version:   10.0.1
[debug] [2022-03-09T14:59:58.552Z] Platform:      win32
[debug] [2022-03-09T14:59:58.552Z] Node Version:  v16.13.1
[debug] [2022-03-09T14:59:58.557Z] Time:          Wed Mar 09 2022 20:29:58 GMT+0530 (India Standard Time)
[debug] [2022-03-09T14:59:58.557Z] ----------------------------------------------------------------------
[debug] 
[debug] [2022-03-09T14:59:58.609Z] > command requires scopes: ["email","openid","https://www.googleapis.com/auth/cloudplatformprojects.readonly","https://www.googleapis.com/auth/firebase","https://www.googleapis.com/auth/cloud-platform"]
[debug] [2022-03-09T14:59:58.610Z] > authorizing via signed-in user (sathishweb27@gmail.com)
[debug] [2022-03-09T14:59:58.610Z] [iam] checking project bubloo2716 for permissions ["firebase.projects.get","firebasehosting.sites.update"]
[debug] [2022-03-09T14:59:58.612Z] > refreshing access token with scopes: ["email","https://www.googleapis.com/auth/cloud-platform","https://www.googleapis.com/auth/cloudplatformprojects.readonly","https://www.googleapis.com/auth/firebase","openid"]
[debug] [2022-03-09T14:59:58.612Z] >>> HTTP REQUEST POST https://www.googleapis.com/oauth2/v3/token  
 <request body omitted>
[debug] [2022-03-09T14:59:59.197Z] <<< HTTP RESPONSE 200 {"cache-control":"no-cache, no-store, max-age=0, must-revalidate","date":"Wed, 09 Mar 2022 14:59:59 GMT","expires":"Mon, 01 Jan 1990 00:00:00 GMT","pragma":"no-cache","content-type":"application/json; charset=utf-8","vary":"X-Origin, Referer, Origin,Accept-Encoding","server":"scaffolding on HTTPServer2","x-xss-protection":"0","x-frame-options":"SAMEORIGIN","x-content-type-options":"nosniff","alt-svc":"h3=\":443\"; ma=2592000,h3-29=\":443\"; ma=2592000,h3-Q050=\":443\"; ma=2592000,h3-Q046=\":443\"; ma=2592000,h3-Q043=\":443\"; ma=2592000,quic=\":443\"; ma=2592000; v=\"46,43\"","accept-ranges":"none","transfer-encoding":"chunked"}
[debug] [2022-03-09T14:59:59.206Z] >>> HTTP REQUEST POST https://cloudresourcemanager.googleapis.com/v1/projects/bubloo2716:testIamPermissions  
 {"permissions":["firebase.projects.get","firebasehosting.sites.update"]}
[debug] [2022-03-09T15:00:01.135Z] <<< HTTP RESPONSE 200 {"content-type":"application/json; charset=UTF-8","vary":"X-Origin, Referer, Origin,Accept-Encoding","date":"Wed, 09 Mar 2022 15:00:01 GMT","server":"ESF","cache-control":"private","x-xss-protection":"0","x-frame-options":"SAMEORIGIN","x-content-type-options":"nosniff","server-timing":"gfet4t7; dur=1325","alt-svc":"h3=\":443\"; ma=2592000,h3-29=\":443\"; ma=2592000,h3-Q050=\":443\"; ma=2592000,h3-Q046=\":443\"; ma=2592000,h3-Q043=\":443\"; ma=2592000,quic=\":443\"; ma=2592000; v=\"46,43\"","accept-ranges":"none","transfer-encoding":"chunked"}
[debug] [2022-03-09T15:00:01.137Z] > refreshing access token with scopes: []
[debug] [2022-03-09T15:00:01.137Z] >>> HTTP REQUEST POST https://www.googleapis.com/oauth2/v3/token  
 <request body omitted>
[debug] [2022-03-09T15:00:01.649Z] <<< HTTP RESPONSE 200 {"cache-control":"no-cache, no-store, max-age=0, must-revalidate","date":"Wed, 09 Mar 2022 15:00:01 GMT","pragma":"no-cache","expires":"Mon, 01 Jan 1990 00:00:00 GMT","content-type":"application/json; charset=utf-8","vary":"X-Origin, Referer, Origin,Accept-Encoding","server":"scaffolding on HTTPServer2","x-xss-protection":"0","x-frame-options":"SAMEORIGIN","x-content-type-options":"nosniff","alt-svc":"h3=\":443\"; ma=2592000,h3-29=\":443\"; ma=2592000,h3-Q050=\":443\"; ma=2592000,h3-Q046=\":443\"; ma=2592000,h3-Q043=\":443\"; ma=2592000,quic=\":443\"; ma=2592000; v=\"46,43\"","accept-ranges":"none","transfer-encoding":"chunked"}
[debug] [2022-03-09T15:00:01.661Z] >>> [apiv2][query] GET https://firebase.googleapis.com/v1beta1/projects/bubloo2716 [none]
[debug] [2022-03-09T15:00:02.746Z] <<< [apiv2][status] GET https://firebase.googleapis.com/v1beta1/projects/bubloo2716 200
[debug] [2022-03-09T15:00:02.746Z] <<< [apiv2][body] GET https://firebase.googleapis.com/v1beta1/projects/bubloo2716 {"projectId":"bubloo2716","projectNumber":"1025422111699","displayName":"Bubloo","name":"projects/bubloo2716","resources":{"hostingSite":"bubloo2716","realtimeDatabaseInstance":"bubloo2716-default-rtdb","storageBucket":"bubloo2716.appspot.com","locationId":"us-central"},"state":"ACTIVE"}
[info] 
[info] === Deploying to 'bubloo2716'...
[info] 
[info] i  deploying hosting 
[debug] [2022-03-09T15:00:02.752Z] > refreshing access token with scopes: ["email","https://www.googleapis.com/auth/cloud-platform","https://www.googleapis.com/auth/cloudplatformprojects.readonly","https://www.googleapis.com/auth/firebase","openid"]
[debug] [2022-03-09T15:00:02.752Z] >>> HTTP REQUEST POST https://www.googleapis.com/oauth2/v3/token  
 <request body omitted>
[debug] [2022-03-09T15:00:03.289Z] <<< HTTP RESPONSE 200 {"expires":"Mon, 01 Jan 1990 00:00:00 GMT","pragma":"no-cache","date":"Wed, 09 Mar 2022 15:00:03 GMT","cache-control":"no-cache, no-store, max-age=0, must-revalidate","content-type":"application/json; charset=utf-8","vary":"X-Origin, Referer, Origin,Accept-Encoding","server":"scaffolding on HTTPServer2","x-xss-protection":"0","x-frame-options":"SAMEORIGIN","x-content-type-options":"nosniff","alt-svc":"h3=\":443\"; ma=2592000,h3-29=\":443\"; ma=2592000,h3-Q050=\":443\"; ma=2592000,h3-Q046=\":443\"; ma=2592000,h3-Q043=\":443\"; ma=2592000,quic=\":443\"; ma=2592000; v=\"46,43\"","accept-ranges":"none","transfer-encoding":"chunked"}
[debug] [2022-03-09T15:00:03.299Z] >>> HTTP REQUEST POST https://firebasehosting.googleapis.com/v1beta1/sites/bubloo2716/versions  
 {"config":{"rewrites":[{"glob":"**","path":"/index.html"}]},"labels":{"deployment-tool":"cli-firebase"}}
[debug] [2022-03-09T15:00:05.481Z] Error: read ECONNRESET
    at TLSWrap.onStreamRead (node:internal/stream_base_commons:220:20)
[error] 
[error] Error: Server Error. read ECONNRESET
[debug] [2022-03-09T15:09:14.563Z] ----------------------------------------------------------------------
[debug] [2022-03-09T15:09:14.565Z] Command:       C:\Program Files\nodejs\node.exe C:\Users\BALAGURU\AppData\Roaming\npm\node_modules\firebase-tools\lib\bin\firebase.js deploy --only hosting
[debug] [2022-03-09T15:09:14.565Z] CLI Version:   10.0.1
[debug] [2022-03-09T15:09:14.566Z] Platform:      win32
[debug] [2022-03-09T15:09:14.566Z] Node Version:  v16.13.1
[debug] [2022-03-09T15:09:14.571Z] Time:          Wed Mar 09 2022 20:39:14 GMT+0530 (India Standard Time)
[debug] [2022-03-09T15:09:14.571Z] ----------------------------------------------------------------------
[debug] 
[debug] [2022-03-09T15:09:14.645Z] > command requires scopes: ["email","openid","https://www.googleapis.com/auth/cloudplatformprojects.readonly","https://www.googleapis.com/auth/firebase","https://www.googleapis.com/auth/cloud-platform"]
[debug] [2022-03-09T15:09:14.645Z] > authorizing via signed-in user (sathishweb27@gmail.com)
[debug] [2022-03-09T15:09:14.645Z] [iam] checking project bubloo2716 for permissions ["firebase.projects.get","firebasehosting.sites.update"]
[debug] [2022-03-09T15:09:14.648Z] >>> HTTP REQUEST POST https://cloudresourcemanager.googleapis.com/v1/projects/bubloo2716:testIamPermissions  
 {"permissions":["firebase.projects.get","firebasehosting.sites.update"]}
[debug] [2022-03-09T15:09:16.659Z] <<< HTTP RESPONSE 200 {"content-type":"application/json; charset=UTF-8","vary":"X-Origin, Referer, Origin,Accept-Encoding","date":"Wed, 09 Mar 2022 15:09:16 GMT","server":"ESF","cache-control":"private","x-xss-protection":"0","x-frame-options":"SAMEORIGIN","x-content-type-options":"nosniff","server-timing":"gfet4t7; dur=1326","alt-svc":"h3=\":443\"; ma=2592000,h3-29=\":443\"; ma=2592000,h3-Q050=\":443\"; ma=2592000,h3-Q046=\":443\"; ma=2592000,h3-Q043=\":443\"; ma=2592000,quic=\":443\"; ma=2592000; v=\"46,43\"","accept-ranges":"none","transfer-encoding":"chunked"}
[debug] [2022-03-09T15:09:16.661Z] > refreshing access token with scopes: []
[debug] [2022-03-09T15:09:16.662Z] >>> HTTP REQUEST POST https://www.googleapis.com/oauth2/v3/token  
 <request body omitted>
[debug] [2022-03-09T15:09:17.064Z] <<< HTTP RESPONSE 200 {"expires":"Mon, 01 Jan 1990 00:00:00 GMT","date":"Wed, 09 Mar 2022 15:09:17 GMT","cache-control":"no-cache, no-store, max-age=0, must-revalidate","pragma":"no-cache","content-type":"application/json; charset=utf-8","vary":"X-Origin, Referer, Origin,Accept-Encoding","server":"scaffolding on HTTPServer2","x-xss-protection":"0","x-frame-options":"SAMEORIGIN","x-content-type-options":"nosniff","alt-svc":"h3=\":443\"; ma=2592000,h3-29=\":443\"; ma=2592000,h3-Q050=\":443\"; ma=2592000,h3-Q046=\":443\"; ma=2592000,h3-Q043=\":443\"; ma=2592000,quic=\":443\"; ma=2592000; v=\"46,43\"","accept-ranges":"none","transfer-encoding":"chunked"}
[debug] [2022-03-09T15:09:17.074Z] >>> [apiv2][query] GET https://firebase.googleapis.com/v1beta1/projects/bubloo2716 [none]
